0 info it worked if it ends with ok
1 verbose cli [ '/Users/peterchang/.nvm/versions/node/v6.9.5/bin/node',
1 verbose cli   '/Users/peterchang/.nvm/versions/node/v6.9.5/bin/npm',
1 verbose cli   'run',
1 verbose cli   'dev' ]
2 info using npm@3.10.10
3 info using node@v6.9.5
4 verbose run-script [ 'predev', 'dev', 'postdev' ]
5 info lifecycle react-redux-boilerplate@1.0.0~predev: react-redux-boilerplate@1.0.0
6 silly lifecycle react-redux-boilerplate@1.0.0~predev: no script for predev, continuing
7 info lifecycle react-redux-boilerplate@1.0.0~dev: react-redux-boilerplate@1.0.0
8 verbose lifecycle react-redux-boilerplate@1.0.0~dev: unsafe-perm in lifecycle true
9 verbose lifecycle react-redux-boilerplate@1.0.0~dev: PATH: /Users/peterchang/.nvm/versions/node/v6.9.5/lib/node_modules/npm/bin/node-gyp-bin:/Users/peterchang/Desktop/node/cin-web/node_modules/.bin:/Users/peterchang/.nvm/versions/node/v6.9.5/bin:/Users/peterchang/.nvm/versions/node/v8.1.2/lib/node_modules/casperjs/bin:/Users/peterchang/Documents/phantomjs-2.1.1-macosx/bin:/home/y/bin:/usr/local/bin:/usr/bin:/bin:/usr/sbin:/sbin:/opt/ImageMagick/bin:/Applications/Wireshark.app/Contents/MacOS
10 verbose lifecycle react-redux-boilerplate@1.0.0~dev: CWD: /Users/peterchang/Desktop/node/cin-web
11 silly lifecycle react-redux-boilerplate@1.0.0~dev: Args: [ '-c',
11 silly lifecycle   'NODE_ENV=development babel-node ./src/server.js --presets es2015,stage-2' ]
12 silly lifecycle react-redux-boilerplate@1.0.0~dev: Returned: code: 1  signal: null
13 info lifecycle react-redux-boilerplate@1.0.0~dev: Failed to exec dev script
14 verbose stack Error: react-redux-boilerplate@1.0.0 dev: `NODE_ENV=development babel-node ./src/server.js --presets es2015,stage-2`
14 verbose stack Exit status 1
14 verbose stack     at EventEmitter.<anonymous> (/Users/peterchang/.nvm/versions/node/v6.9.5/lib/node_modules/npm/lib/utils/lifecycle.js:255:16)
14 verbose stack     at emitTwo (events.js:106:13)
14 verbose stack     at EventEmitter.emit (events.js:191:7)
14 verbose stack     at ChildProcess.<anonymous> (/Users/peterchang/.nvm/versions/node/v6.9.5/lib/node_modules/npm/lib/utils/spawn.js:40:14)
14 verbose stack     at emitTwo (events.js:106:13)
14 verbose stack     at ChildProcess.emit (events.js:191:7)
14 verbose stack     at maybeClose (internal/child_process.js:877:16)
14 verbose stack     at Process.ChildProcess._handle.onexit (internal/child_process.js:226:5)
15 verbose pkgid react-redux-boilerplate@1.0.0
16 verbose cwd /Users/peterchang/Desktop/node/cin-web
17 error Darwin 17.3.0
18 error argv "/Users/peterchang/.nvm/versions/node/v6.9.5/bin/node" "/Users/peterchang/.nvm/versions/node/v6.9.5/bin/npm" "run" "dev"
19 error node v6.9.5
20 error npm  v3.10.10
21 error code ELIFECYCLE
22 error react-redux-boilerplate@1.0.0 dev: `NODE_ENV=development babel-node ./src/server.js --presets es2015,stage-2`
22 error Exit status 1
23 error Failed at the react-redux-boilerplate@1.0.0 dev script 'NODE_ENV=development babel-node ./src/server.js --presets es2015,stage-2'.
23 error Make sure you have the latest version of node.js and npm installed.
23 error If you do, this is most likely a problem with the react-redux-boilerplate package,
23 error not with npm itself.
23 error Tell the author that this fails on your system:
23 error     NODE_ENV=development babel-node ./src/server.js --presets es2015,stage-2
23 error You can get information on how to open an issue for this project with:
23 error     npm bugs react-redux-boilerplate
23 error Or if that isn't available, you can get their info via:
23 error     npm owner ls react-redux-boilerplate
23 error There is likely additional logging output above.
24 verbose exit [ 1, true ]
